Traceback (most recent call last):
  File "/opt/homebrew/Caskroom/miniconda/base/envs/turtle/lib/python3.10/site-packages/jupyter_cache/executors/utils.py", line 51, in single_nb_execution
    executenb(
  File "/opt/homebrew/Caskroom/miniconda/base/envs/turtle/lib/python3.10/site-packages/nbclient/client.py", line 1204, in execute
    return NotebookClient(nb=nb, resources=resources, km=km, **kwargs).execute()
  File "/opt/homebrew/Caskroom/miniconda/base/envs/turtle/lib/python3.10/site-packages/nbclient/util.py", line 84, in wrapped
    return just_run(coro(*args, **kwargs))
  File "/opt/homebrew/Caskroom/miniconda/base/envs/turtle/lib/python3.10/site-packages/nbclient/util.py", line 62, in just_run
    return loop.run_until_complete(coro)
  File "/opt/homebrew/Caskroom/miniconda/base/envs/turtle/lib/python3.10/asyncio/base_events.py", line 649, in run_until_complete
    return future.result()
  File "/opt/homebrew/Caskroom/miniconda/base/envs/turtle/lib/python3.10/site-packages/nbclient/client.py", line 663, in async_execute
    await self.async_execute_cell(
  File "/opt/homebrew/Caskroom/miniconda/base/envs/turtle/lib/python3.10/site-packages/nbclient/client.py", line 965, in async_execute_cell
    await self._check_raise_for_error(cell, cell_index, exec_reply)
  File "/opt/homebrew/Caskroom/miniconda/base/envs/turtle/lib/python3.10/site-packages/nbclient/client.py", line 862, in _check_raise_for_error
    raise CellExecutionError.from_cell_and_msg(cell, exec_reply_content)
nbclient.exceptions.CellExecutionError: An error occurred while executing the following cell:
------------------
# fix random seed and draw N = 10000 normally distributed random numbers
N = 10000
rand = np.random.RandomState(0)
x = rand.randn(N)

# plot histogram with 100 bins
fig, ax = plt.subplots()
ax.hist(x, bins=100);
------------------

[0;31m---------------------------------------------------------------------------[0m
[0;31mNameError[0m                                 Traceback (most recent call last)
Cell [0;32mIn[5], line 3[0m
[1;32m      1[0m [38;5;66;03m# fix random seed and draw N = 10000 normally distributed random numbers[39;00m
[1;32m      2[0m N [38;5;241m=[39m [38;5;241m10000[39m
[0;32m----> 3[0m rand [38;5;241m=[39m [43mnp[49m[38;5;241m.[39mrandom[38;5;241m.[39mRandomState([38;5;241m0[39m)
[1;32m      4[0m x [38;5;241m=[39m rand[38;5;241m.[39mrandn(N)
[1;32m      6[0m [38;5;66;03m# plot histogram with 100 bins[39;00m

[0;31mNameError[0m: name 'np' is not defined
NameError: name 'np' is not defined

