Traceback (most recent call last):
  File "/opt/homebrew/Caskroom/miniconda/base/envs/turtle/lib/python3.10/site-packages/jupyter_cache/executors/utils.py", line 51, in single_nb_execution
    executenb(
  File "/opt/homebrew/Caskroom/miniconda/base/envs/turtle/lib/python3.10/site-packages/nbclient/client.py", line 1204, in execute
    return NotebookClient(nb=nb, resources=resources, km=km, **kwargs).execute()
  File "/opt/homebrew/Caskroom/miniconda/base/envs/turtle/lib/python3.10/site-packages/nbclient/util.py", line 84, in wrapped
    return just_run(coro(*args, **kwargs))
  File "/opt/homebrew/Caskroom/miniconda/base/envs/turtle/lib/python3.10/site-packages/nbclient/util.py", line 62, in just_run
    return loop.run_until_complete(coro)
  File "/opt/homebrew/Caskroom/miniconda/base/envs/turtle/lib/python3.10/asyncio/base_events.py", line 649, in run_until_complete
    return future.result()
  File "/opt/homebrew/Caskroom/miniconda/base/envs/turtle/lib/python3.10/site-packages/nbclient/client.py", line 663, in async_execute
    await self.async_execute_cell(
  File "/opt/homebrew/Caskroom/miniconda/base/envs/turtle/lib/python3.10/site-packages/nbclient/client.py", line 965, in async_execute_cell
    await self._check_raise_for_error(cell, cell_index, exec_reply)
  File "/opt/homebrew/Caskroom/miniconda/base/envs/turtle/lib/python3.10/site-packages/nbclient/client.py", line 862, in _check_raise_for_error
    raise CellExecutionError.from_cell_and_msg(cell, exec_reply_content)
nbclient.exceptions.CellExecutionError: An error occurred while executing the following cell:
------------------
# Hier Ihr Code
alter = data.loc[['Robert Lewandoswki', 'Thomas Müller'], 'Age']
print(alter)
------------------

[0;31m---------------------------------------------------------------------------[0m
[0;31mKeyError[0m                                  Traceback (most recent call last)
Cell [0;32mIn[14], line 2[0m
[1;32m      1[0m [38;5;66;03m# Hier Ihr Code[39;00m
[0;32m----> 2[0m alter [38;5;241m=[39m [43mdata[49m[38;5;241;43m.[39;49m[43mloc[49m[43m[[49m[43m[[49m[38;5;124;43m'[39;49m[38;5;124;43mRobert Lewandoswki[39;49m[38;5;124;43m'[39;49m[43m,[49m[43m [49m[38;5;124;43m'[39;49m[38;5;124;43mThomas Müller[39;49m[38;5;124;43m'[39;49m[43m][49m[43m,[49m[43m [49m[38;5;124;43m'[39;49m[38;5;124;43mAge[39;49m[38;5;124;43m'[39;49m[43m][49m
[1;32m      3[0m [38;5;28mprint[39m(alter)

File [0;32m/opt/homebrew/Caskroom/miniconda/base/envs/turtle/lib/python3.10/site-packages/pandas/core/indexing.py:1067[0m, in [0;36m_LocationIndexer.__getitem__[0;34m(self, key)[0m
[1;32m   1065[0m     [38;5;28;01mif[39;00m [38;5;28mself[39m[38;5;241m.[39m_is_scalar_access(key):
[1;32m   1066[0m         [38;5;28;01mreturn[39;00m [38;5;28mself[39m[38;5;241m.[39mobj[38;5;241m.[39m_get_value([38;5;241m*[39mkey, takeable[38;5;241m=[39m[38;5;28mself[39m[38;5;241m.[39m_takeable)
[0;32m-> 1067[0m     [38;5;28;01mreturn[39;00m [38;5;28;43mself[39;49m[38;5;241;43m.[39;49m[43m_getitem_tuple[49m[43m([49m[43mkey[49m[43m)[49m
[1;32m   1068[0m [38;5;28;01melse[39;00m:
[1;32m   1069[0m     [38;5;66;03m# we by definition only have the 0th axis[39;00m
[1;32m   1070[0m     axis [38;5;241m=[39m [38;5;28mself[39m[38;5;241m.[39maxis [38;5;129;01mor[39;00m [38;5;241m0[39m

File [0;32m/opt/homebrew/Caskroom/miniconda/base/envs/turtle/lib/python3.10/site-packages/pandas/core/indexing.py:1247[0m, in [0;36m_LocIndexer._getitem_tuple[0;34m(self, tup)[0m
[1;32m   1245[0m [38;5;28;01mwith[39;00m suppress(IndexingError):
[1;32m   1246[0m     tup [38;5;241m=[39m [38;5;28mself[39m[38;5;241m.[39m_expand_ellipsis(tup)
[0;32m-> 1247[0m     [38;5;28;01mreturn[39;00m [38;5;28;43mself[39;49m[38;5;241;43m.[39;49m[43m_getitem_lowerdim[49m[43m([49m[43mtup[49m[43m)[49m
[1;32m   1249[0m [38;5;66;03m# no multi-index, so validate all of the indexers[39;00m
[1;32m   1250[0m tup [38;5;241m=[39m [38;5;28mself[39m[38;5;241m.[39m_validate_tuple_indexer(tup)

File [0;32m/opt/homebrew/Caskroom/miniconda/base/envs/turtle/lib/python3.10/site-packages/pandas/core/indexing.py:991[0m, in [0;36m_LocationIndexer._getitem_lowerdim[0;34m(self, tup)[0m
[1;32m    989[0m             [38;5;28;01mreturn[39;00m section
[1;32m    990[0m         [38;5;66;03m# This is an elided recursive call to iloc/loc[39;00m
[0;32m--> 991[0m         [38;5;28;01mreturn[39;00m [38;5;28;43mgetattr[39;49m[43m([49m[43msection[49m[43m,[49m[43m [49m[38;5;28;43mself[39;49m[38;5;241;43m.[39;49m[43mname[49m[43m)[49m[43m[[49m[43mnew_key[49m[43m][49m
[1;32m    993[0m [38;5;28;01mraise[39;00m IndexingError([38;5;124m"[39m[38;5;124mnot applicable[39m[38;5;124m"[39m)

File [0;32m/opt/homebrew/Caskroom/miniconda/base/envs/turtle/lib/python3.10/site-packages/pandas/core/indexing.py:1073[0m, in [0;36m_LocationIndexer.__getitem__[0;34m(self, key)[0m
[1;32m   1070[0m axis [38;5;241m=[39m [38;5;28mself[39m[38;5;241m.[39maxis [38;5;129;01mor[39;00m [38;5;241m0[39m
[1;32m   1072[0m maybe_callable [38;5;241m=[39m com[38;5;241m.[39mapply_if_callable(key, [38;5;28mself[39m[38;5;241m.[39mobj)
[0;32m-> 1073[0m [38;5;28;01mreturn[39;00m [38;5;28;43mself[39;49m[38;5;241;43m.[39;49m[43m_getitem_axis[49m[43m([49m[43mmaybe_callable[49m[43m,[49m[43m [49m[43maxis[49m[38;5;241;43m=[39;49m[43maxis[49m[43m)[49m

File [0;32m/opt/homebrew/Caskroom/miniconda/base/envs/turtle/lib/python3.10/site-packages/pandas/core/indexing.py:1301[0m, in [0;36m_LocIndexer._getitem_axis[0;34m(self, key, axis)[0m
[1;32m   1298[0m     [38;5;28;01mif[39;00m [38;5;28mhasattr[39m(key, [38;5;124m"[39m[38;5;124mndim[39m[38;5;124m"[39m) [38;5;129;01mand[39;00m key[38;5;241m.[39mndim [38;5;241m>[39m [38;5;241m1[39m:
[1;32m   1299[0m         [38;5;28;01mraise[39;00m [38;5;167;01mValueError[39;00m([38;5;124m"[39m[38;5;124mCannot index with multidimensional key[39m[38;5;124m"[39m)
[0;32m-> 1301[0m     [38;5;28;01mreturn[39;00m [38;5;28;43mself[39;49m[38;5;241;43m.[39;49m[43m_getitem_iterable[49m[43m([49m[43mkey[49m[43m,[49m[43m [49m[43maxis[49m[38;5;241;43m=[39;49m[43maxis[49m[43m)[49m
[1;32m   1303[0m [38;5;66;03m# nested tuple slicing[39;00m
[1;32m   1304[0m [38;5;28;01mif[39;00m is_nested_tuple(key, labels):

File [0;32m/opt/homebrew/Caskroom/miniconda/base/envs/turtle/lib/python3.10/site-packages/pandas/core/indexing.py:1239[0m, in [0;36m_LocIndexer._getitem_iterable[0;34m(self, key, axis)[0m
[1;32m   1236[0m [38;5;28mself[39m[38;5;241m.[39m_validate_key(key, axis)
[1;32m   1238[0m [38;5;66;03m# A collection of keys[39;00m
[0;32m-> 1239[0m keyarr, indexer [38;5;241m=[39m [38;5;28;43mself[39;49m[38;5;241;43m.[39;49m[43m_get_listlike_indexer[49m[43m([49m[43mkey[49m[43m,[49m[43m [49m[43maxis[49m[43m)[49m
[1;32m   1240[0m [38;5;28;01mreturn[39;00m [38;5;28mself[39m[38;5;241m.[39mobj[38;5;241m.[39m_reindex_with_indexers(
[1;32m   1241[0m     {axis: [keyarr, indexer]}, copy[38;5;241m=[39m[38;5;28;01mTrue[39;00m, allow_dups[38;5;241m=[39m[38;5;28;01mTrue[39;00m
[1;32m   1242[0m )

File [0;32m/opt/homebrew/Caskroom/miniconda/base/envs/turtle/lib/python3.10/site-packages/pandas/core/indexing.py:1432[0m, in [0;36m_LocIndexer._get_listlike_indexer[0;34m(self, key, axis)[0m
[1;32m   1429[0m ax [38;5;241m=[39m [38;5;28mself[39m[38;5;241m.[39mobj[38;5;241m.[39m_get_axis(axis)
[1;32m   1430[0m axis_name [38;5;241m=[39m [38;5;28mself[39m[38;5;241m.[39mobj[38;5;241m.[39m_get_axis_name(axis)
[0;32m-> 1432[0m keyarr, indexer [38;5;241m=[39m [43max[49m[38;5;241;43m.[39;49m[43m_get_indexer_strict[49m[43m([49m[43mkey[49m[43m,[49m[43m [49m[43maxis_name[49m[43m)[49m
[1;32m   1434[0m [38;5;28;01mreturn[39;00m keyarr, indexer

File [0;32m/opt/homebrew/Caskroom/miniconda/base/envs/turtle/lib/python3.10/site-packages/pandas/core/indexes/base.py:6070[0m, in [0;36mIndex._get_indexer_strict[0;34m(self, key, axis_name)[0m
[1;32m   6067[0m [38;5;28;01melse[39;00m:
[1;32m   6068[0m     keyarr, indexer, new_indexer [38;5;241m=[39m [38;5;28mself[39m[38;5;241m.[39m_reindex_non_unique(keyarr)
[0;32m-> 6070[0m [38;5;28;43mself[39;49m[38;5;241;43m.[39;49m[43m_raise_if_missing[49m[43m([49m[43mkeyarr[49m[43m,[49m[43m [49m[43mindexer[49m[43m,[49m[43m [49m[43maxis_name[49m[43m)[49m
[1;32m   6072[0m keyarr [38;5;241m=[39m [38;5;28mself[39m[38;5;241m.[39mtake(indexer)
[1;32m   6073[0m [38;5;28;01mif[39;00m [38;5;28misinstance[39m(key, Index):
[1;32m   6074[0m     [38;5;66;03m# GH 42790 - Preserve name from an Index[39;00m

File [0;32m/opt/homebrew/Caskroom/miniconda/base/envs/turtle/lib/python3.10/site-packages/pandas/core/indexes/base.py:6133[0m, in [0;36mIndex._raise_if_missing[0;34m(self, key, indexer, axis_name)[0m
[1;32m   6130[0m     [38;5;28;01mraise[39;00m [38;5;167;01mKeyError[39;00m([38;5;124mf[39m[38;5;124m"[39m[38;5;124mNone of [[39m[38;5;132;01m{[39;00mkey[38;5;132;01m}[39;00m[38;5;124m] are in the [[39m[38;5;132;01m{[39;00maxis_name[38;5;132;01m}[39;00m[38;5;124m][39m[38;5;124m"[39m)
[1;32m   6132[0m not_found [38;5;241m=[39m [38;5;28mlist[39m(ensure_index(key)[missing_mask[38;5;241m.[39mnonzero()[[38;5;241m0[39m]][38;5;241m.[39munique())
[0;32m-> 6133[0m [38;5;28;01mraise[39;00m [38;5;167;01mKeyError[39;00m([38;5;124mf[39m[38;5;124m"[39m[38;5;132;01m{[39;00mnot_found[38;5;132;01m}[39;00m[38;5;124m not in index[39m[38;5;124m"[39m)

[0;31mKeyError[0m: "['Robert Lewandoswki'] not in index"
KeyError: "['Robert Lewandoswki'] not in index"

