Traceback (most recent call last):
  File "/opt/homebrew/Caskroom/miniconda/base/envs/python312/lib/python3.12/site-packages/jupyter_cache/executors/utils.py", line 58, in single_nb_execution
    executenb(
  File "/opt/homebrew/Caskroom/miniconda/base/envs/python312/lib/python3.12/site-packages/nbclient/client.py", line 1314, in execute
    return NotebookClient(nb=nb, resources=resources, km=km, **kwargs).execute()
           ^^^^^^^^^^^^^^^^^^^^^^^^^^^^^^^^^^^^^^^^^^^^^^^^^^^^^^^^^^^^^^^^^^^^^
  File "/opt/homebrew/Caskroom/miniconda/base/envs/python312/lib/python3.12/site-packages/jupyter_core/utils/__init__.py", line 165, in wrapped
    return loop.run_until_complete(inner)
           ^^^^^^^^^^^^^^^^^^^^^^^^^^^^^^
  File "/opt/homebrew/Caskroom/miniconda/base/envs/python312/lib/python3.12/asyncio/base_events.py", line 685, in run_until_complete
    return future.result()
           ^^^^^^^^^^^^^^^
  File "/opt/homebrew/Caskroom/miniconda/base/envs/python312/lib/python3.12/site-packages/nbclient/client.py", line 709, in async_execute
    await self.async_execute_cell(
  File "/opt/homebrew/Caskroom/miniconda/base/envs/python312/lib/python3.12/site-packages/nbclient/client.py", line 1062, in async_execute_cell
    await self._check_raise_for_error(cell, cell_index, exec_reply)
  File "/opt/homebrew/Caskroom/miniconda/base/envs/python312/lib/python3.12/site-packages/nbclient/client.py", line 918, in _check_raise_for_error
    raise CellExecutionError.from_cell_and_msg(cell, exec_reply_content)
nbclient.exceptions.CellExecutionError: An error occurred while executing the following cell:
------------------
import numpy as np

# Simulation von 1000 Schrauben
mittelwert = 50.0
stdabw = 0.4
anzahl = 1000

laengen = np.random.normal(mittelwert, stdabw, anzahl)

# Berechnung des Mittelwerts mit for-Schleife
summe = 0
for laenge in laengen:
    summe += laenge

mittelwert = summe / anzahl
print(f"Berechneter Mittelwert der Schrauben-Längen: {mittelwert_berechnet:.2f} mm")
------------------


[0;31m---------------------------------------------------------------------------[0m
[0;31mNameError[0m                                 Traceback (most recent call last)
Cell [0;32mIn[1], line 16[0m
[1;32m     13[0m     summe [38;5;241m+[39m[38;5;241m=[39m laenge
[1;32m     15[0m mittelwert [38;5;241m=[39m summe [38;5;241m/[39m anzahl
[0;32m---> 16[0m [38;5;28mprint[39m([38;5;124mf[39m[38;5;124m"[39m[38;5;124mBerechneter Mittelwert der Schrauben-Längen: [39m[38;5;132;01m{[39;00m[43mmittelwert_berechnet[49m[38;5;132;01m:[39;00m[38;5;124m.2f[39m[38;5;132;01m}[39;00m[38;5;124m mm[39m[38;5;124m"[39m)

[0;31mNameError[0m: name 'mittelwert_berechnet' is not defined

